Using pre-set license
Built from '2020.3/staging' branch; Version is '2020.3.18f1 (a7d1c678663c) revision 10998214'; Using compiler version '192528614'; Build Type 'Release'
OS: 'Windows 10 Home; OS build 19043.1288; Version 2009; 64bit' Language: 'en' Physical Memory: 7733 MB
BatchMode: 1, IsHumanControllingUs: 0, StartBugReporterOnCrash: 0, Is64bit: 1, IsPro: 0

COMMAND LINE ARGUMENTS:
C:\Program Files\Unity\Hub\Editor\2020.3.18f1\Editor\Unity.exe
-adb2
-batchMode
-noUpm
-name
AssetImportWorker0
-projectPath
C:/Users/Owner/Documents/GitHub/final-project/the final
-logFile
Logs/AssetImportWorker0.log
-srvPort
58191
Successfully changed project path to: C:/Users/Owner/Documents/GitHub/final-project/the final
C:/Users/Owner/Documents/GitHub/final-project/the final
Using Asset Import Pipeline V2.
Refreshing native plugins compatible for Editor in 62.26 ms, found 2 plugins.
Preloading 0 native plugins for Editor in 0.00 ms.
Initialize engine version: 2020.3.18f1 (a7d1c678663c)
[Subsystems] Discovering subsystems at path C:/Program Files/Unity/Hub/Editor/2020.3.18f1/Editor/Data/Resources/UnitySubsystems
[Subsystems] Discovering subsystems at path C:/Users/Owner/Documents/GitHub/final-project/the final/Assets
GfxDevice: creating device client; threaded=0
Direct3D:
    Version:  Direct3D 11.0 [level 11.1]
    Renderer: AMD Radeon(TM) Vega 3 Graphics (ID=0x15dd)
    Vendor:   
    VRAM:     3866 MB
    Driver:   26.20.12036.1
Initialize mono
Mono path[0] = 'C:/Program Files/Unity/Hub/Editor/2020.3.18f1/Editor/Data/Managed'
Mono path[1] = 'C:/Program Files/Unity/Hub/Editor/2020.3.18f1/Editor/Data/MonoBleedingEdge/lib/mono/unityjit'
Mono config path = 'C:/Program Files/Unity/Hub/Editor/2020.3.18f1/Editor/Data/MonoBleedingEdge/etc'
Using monoOptions --debugger-agent=transport=dt_socket,embedding=1,server=y,suspend=n,address=127.0.0.1:56004
Begin MonoManager ReloadAssembly
Registering precompiled unity dll's ...
Register platform support module: C:/Program Files/Unity/Hub/Editor/2020.3.18f1/Editor/Data/PlaybackEngines/WindowsStandaloneSupport/UnityEditor.WindowsStandalone.Extensions.dll
Registered in 0.003028 seconds.
Native extension for WindowsStandalone target not found
Refreshing native plugins compatible for Editor in 48.40 ms, found 2 plugins.
Preloading 0 native plugins for Editor in 0.00 ms.
Mono: successfully reloaded assembly
- Completed reload, in  5.337 seconds
Domain Reload Profiling:
	ReloadAssembly (5337ms)
		BeginReloadAssembly (94ms)
			ExecutionOrderSort (0ms)
			DisableScriptedObjects (0ms)
			BackupInstance (0ms)
			ReleaseScriptingObjects (0ms)
			CreateAndSetChildDomain (1ms)
		EndReloadAssembly (728ms)
			LoadAssemblies (92ms)
			RebuildTransferFunctionScriptingTraits (0ms)
			SetupTypeCache (273ms)
			ReleaseScriptCaches (0ms)
			RebuildScriptCaches (52ms)
			SetupLoadedEditorAssemblies (277ms)
				LogAssemblyErrors (0ms)
				InitializePlatformSupportModulesInManaged (7ms)
				SetLoadedEditorAssemblies (0ms)
				RefreshPlugins (49ms)
				BeforeProcessingInitializeOnLoad (12ms)
				ProcessInitializeOnLoadAttributes (156ms)
				ProcessInitializeOnLoadMethodAttributes (54ms)
				AfterProcessingInitializeOnLoad (0ms)
				EditorAssembliesLoaded (0ms)
			ExecutionOrderSort2 (0ms)
			AwakeInstancesAfterBackupRestoration (0ms)
Platform modules already initialized, skipping
Registering precompiled user dll's ...
Registered in 0.018725 seconds.
Begin MonoManager ReloadAssembly
Native extension for WindowsStandalone target not found
Refreshing native plugins compatible for Editor in 1.22 ms, found 2 plugins.
Preloading 0 native plugins for Editor in 0.00 ms.
Mono: successfully reloaded assembly
- Completed reload, in  2.694 seconds
Domain Reload Profiling:
	ReloadAssembly (2695ms)
		BeginReloadAssembly (379ms)
			ExecutionOrderSort (0ms)
			DisableScriptedObjects (8ms)
			BackupInstance (0ms)
			ReleaseScriptingObjects (0ms)
			CreateAndSetChildDomain (38ms)
		EndReloadAssembly (2195ms)
			LoadAssemblies (168ms)
			RebuildTransferFunctionScriptingTraits (0ms)
			SetupTypeCache (577ms)
			ReleaseScriptCaches (1ms)
			RebuildScriptCaches (97ms)
			SetupLoadedEditorAssemblies (1138ms)
				LogAssemblyErrors (0ms)
				InitializePlatformSupportModulesInManaged (10ms)
				SetLoadedEditorAssemblies (1ms)
				RefreshPlugins (1ms)
				BeforeProcessingInitializeOnLoad (102ms)
				ProcessInitializeOnLoadAttributes (381ms)
				ProcessInitializeOnLoadMethodAttributes (630ms)
				AfterProcessingInitializeOnLoad (13ms)
				EditorAssembliesLoaded (0ms)
			ExecutionOrderSort2 (0ms)
			AwakeInstancesAfterBackupRestoration (13ms)
Platform modules already initialized, skipping
========================================================================
Worker process is ready to serve import requests
Launched and connected shader compiler UnityShaderCompiler.exe after 0.16 seconds
Refreshing native plugins compatible for Editor in 0.78 ms, found 2 plugins.
Preloading 0 native plugins for Editor in 0.00 ms.
Unloading 1532 Unused Serialized files (Serialized files now loaded: 0)
System memory in use before: 75.2 MB.
System memory in use after: 75.3 MB.

Unloading 30 unused Assets to reduce memory usage. Loaded Objects now: 2040.
Total: 5.053200 ms (FindLiveObjects: 0.354800 ms CreateObjectMapping: 0.062200 ms MarkObjects: 4.492700 ms  DeleteObjects: 0.141800 ms)

AssetImportParameters requested are different than current active one (requested -> active):
  custom:framework-win-MediaFoundation: 216162199b28c13a410421893ffa2e32 -> 
  custom:video-decoder-ogg-theora: a1e56fd34408186e4bbccfd4996cb3dc -> 
  custom:container-muxer-webm: aa71ff27fc2769a1b78a27578f13a17b -> 
  custom:container-demuxer-webm: 4f35f7cbe854078d1ac9338744f61a02 -> 
  custom:container-demuxer-ogg: 62fdf1f143b41e24485cea50d1cbac27 -> 
  custom:video-encoder-webm-vp8: eb34c28f22e8b96e1ab97ce403110664 -> 
  custom:video-decoder-webm-vp8: 9c59270c3fd7afecdb556c50c9e8de78 -> 
  custom:audio-decoder-ogg-vorbis: bf7c407c2cedff20999df2af8eb42d56 -> 
  custom:audio-encoder-webm-vorbis: bf7c407c2cedff20999df2af8eb42d56 -> 
========================================================================
Received Import Request.
  path: Assets/VRCSDK
  artifactKey: Guid(74c2762c511e7f1429cce23432a523d9) Importer(815301076,1909f56bfc062723c751e8b465ee728b)
Start importing Assets/VRCSDK using Guid(74c2762c511e7f1429cce23432a523d9) Importer(815301076,1909f56bfc062723c751e8b465ee728b)  -> (artifact id: '7349a0dd2133812cfaba79eb7044d7df') in 0.017093 seconds 
  Import took 0.021464 seconds .

========================================================================
Received Prepare
Registering precompiled user dll's ...
Registered in 0.006109 seconds.
Begin MonoManager ReloadAssembly
Native extension for WindowsStandalone target not found
Refreshing native plugins compatible for Editor in 0.65 ms, found 2 plugins.
Preloading 0 native plugins for Editor in 0.00 ms.
Mono: successfully reloaded assembly
- Completed reload, in  1.727 seconds
Domain Reload Profiling:
	ReloadAssembly (1728ms)
		BeginReloadAssembly (260ms)
			ExecutionOrderSort (0ms)
			DisableScriptedObjects (10ms)
			BackupInstance (0ms)
			ReleaseScriptingObjects (0ms)
			CreateAndSetChildDomain (92ms)
		EndReloadAssembly (1332ms)
			LoadAssemblies (177ms)
			RebuildTransferFunctionScriptingTraits (0ms)
			SetupTypeCache (463ms)
			ReleaseScriptCaches (1ms)
			RebuildScriptCaches (109ms)
			SetupLoadedEditorAssemblies (455ms)
				LogAssemblyErrors (0ms)
				InitializePlatformSupportModulesInManaged (10ms)
				SetLoadedEditorAssemblies (1ms)
				RefreshPlugins (1ms)
				BeforeProcessingInitializeOnLoad (84ms)
				ProcessInitializeOnLoadAttributes (337ms)
				ProcessInitializeOnLoadMethodAttributes (7ms)
				AfterProcessingInitializeOnLoad (14ms)
				EditorAssembliesLoaded (1ms)
			ExecutionOrderSort2 (0ms)
			AwakeInstancesAfterBackupRestoration (15ms)
Platform modules already initialized, skipping
Refreshing native plugins compatible for Editor in 0.47 ms, found 2 plugins.
Preloading 0 native plugins for Editor in 0.00 ms.
Unloading 1390 Unused Serialized files (Serialized files now loaded: 0)
System memory in use before: 70.7 MB.
System memory in use after: 70.9 MB.

Unloading 135 unused Assets to reduce memory usage. Loaded Objects now: 1918.
Total: 4.918300 ms (FindLiveObjects: 0.224500 ms CreateObjectMapping: 0.045900 ms MarkObjects: 4.554000 ms  DeleteObjects: 0.091500 ms)

AssetImportParameters requested are different than current active one (requested -> active):
  custom:framework-win-MediaFoundation: 216162199b28c13a410421893ffa2e32 -> 
  custom:video-decoder-ogg-theora: a1e56fd34408186e4bbccfd4996cb3dc -> 
  custom:container-muxer-webm: aa71ff27fc2769a1b78a27578f13a17b -> 
  custom:container-demuxer-webm: 4f35f7cbe854078d1ac9338744f61a02 -> 
  custom:container-demuxer-ogg: 62fdf1f143b41e24485cea50d1cbac27 -> 
  custom:video-encoder-webm-vp8: eb34c28f22e8b96e1ab97ce403110664 -> 
  custom:video-decoder-webm-vp8: 9c59270c3fd7afecdb556c50c9e8de78 -> 
  custom:audio-decoder-ogg-vorbis: bf7c407c2cedff20999df2af8eb42d56 -> 
  custom:audio-encoder-webm-vorbis: bf7c407c2cedff20999df2af8eb42d56 -> 
========================================================================
Received Import Request.
  Time since last request: 675.447560 seconds.
  path: Assets/colors/New Material.mat
  artifactKey: Guid(96b8f5cf8fb65ec468104831eef1de34) Importer(815301076,1909f56bfc062723c751e8b465ee728b)
Start importing Assets/colors/New Material.mat using Guid(96b8f5cf8fb65ec468104831eef1de34) Importer(815301076,1909f56bfc062723c751e8b465ee728b)  -> (artifact id: '09847c9e8064056df3b85e2386a21074') in 0.280608 seconds 
  Import took 0.285785 seconds .

========================================================================
Received Import Request.
  Time since last request: 337.043291 seconds.
  path: Assets/colors/brown.mat
  artifactKey: Guid(64ccaac739727f247b561d4dd33f4a49) Importer(815301076,1909f56bfc062723c751e8b465ee728b)
Start importing Assets/colors/brown.mat using Guid(64ccaac739727f247b561d4dd33f4a49) Importer(815301076,1909f56bfc062723c751e8b465ee728b)  -> (artifact id: '902e4d944e8eccb093ce54ae0da55ec4') in 0.103340 seconds 
  Import took 0.108811 seconds .

========================================================================
Received Import Request.
  Time since last request: 56.878050 seconds.
  path: Assets/colors/birch.mat
  artifactKey: Guid(22d17b8ad70457c489794c1d107b1e91) Importer(815301076,1909f56bfc062723c751e8b465ee728b)
Start importing Assets/colors/birch.mat using Guid(22d17b8ad70457c489794c1d107b1e91) Importer(815301076,1909f56bfc062723c751e8b465ee728b)  -> (artifact id: 'a902eaa4d89f4d47a8f617d9710c8c4b') in 0.138079 seconds 
  Import took 0.144142 seconds .

========================================================================
Received Import Request.
  Time since last request: 82.150944 seconds.
  path: Assets/colors/gold.mat
  artifactKey: Guid(96b8f5cf8fb65ec468104831eef1de34) Importer(815301076,1909f56bfc062723c751e8b465ee728b)
Start importing Assets/colors/gold.mat using Guid(96b8f5cf8fb65ec468104831eef1de34) Importer(815301076,1909f56bfc062723c751e8b465ee728b)  -> (artifact id: 'd1dd0dfebe0e4d8f63c9ce3562ede7da') in 0.088203 seconds 
  Import took 0.095659 seconds .

========================================================================
Received Import Request.
  Time since last request: 14.406688 seconds.
  path: Assets/colors/dark brown.mat
  artifactKey: Guid(6077f524818e28c499f86be6a3488bf5) Importer(815301076,1909f56bfc062723c751e8b465ee728b)
Start importing Assets/colors/dark brown.mat using Guid(6077f524818e28c499f86be6a3488bf5) Importer(815301076,1909f56bfc062723c751e8b465ee728b)  -> (artifact id: 'b5b158bdff690859a3f1b5513d02eeb7') in 0.096578 seconds 
  Import took 0.103458 seconds .

========================================================================
Received Import Request.
  Time since last request: 422.242440 seconds.
  path: Assets/colors/New Material 1.mat
  artifactKey: Guid(70cac100bdc652340a2a46b632b55e2c) Importer(815301076,1909f56bfc062723c751e8b465ee728b)
Start importing Assets/colors/New Material 1.mat using Guid(70cac100bdc652340a2a46b632b55e2c) Importer(815301076,1909f56bfc062723c751e8b465ee728b)  -> (artifact id: '0865a0ccb6076c896780a6f9142e353b') in 0.097249 seconds 
  Import took 0.104170 seconds .

========================================================================
Received Import Request.
  Time since last request: 16.026843 seconds.
  path: Assets/colors/bowls.mat
  artifactKey: Guid(70cac100bdc652340a2a46b632b55e2c) Importer(815301076,1909f56bfc062723c751e8b465ee728b)
Start importing Assets/colors/bowls.mat using Guid(70cac100bdc652340a2a46b632b55e2c) Importer(815301076,1909f56bfc062723c751e8b465ee728b)  -> (artifact id: '838a689d15b3e7090463a8f1035706da') in 0.090460 seconds 
  Import took 0.101394 seconds .

========================================================================
Received Import Request.
  Time since last request: 62.122036 seconds.
  path: Assets/colors/New Material 1.mat
  artifactKey: Guid(fac1082c152bc5f4a9bb633bb7c8b79f) Importer(815301076,1909f56bfc062723c751e8b465ee728b)
Start importing Assets/colors/New Material 1.mat using Guid(fac1082c152bc5f4a9bb633bb7c8b79f) Importer(815301076,1909f56bfc062723c751e8b465ee728b)  -> (artifact id: 'bcc5e764ea60cf4699b58fca36560ac9') in 0.073888 seconds 
  Import took 0.082669 seconds .

========================================================================
Received Import Request.
  Time since last request: 0.015929 seconds.
  path: Assets/colors/New Material 1.mat
  artifactKey: Guid(fac1082c152bc5f4a9bb633bb7c8b79f) Importer(815301076,1909f56bfc062723c751e8b465ee728b)
Start importing Assets/colors/New Material 1.mat using Guid(fac1082c152bc5f4a9bb633bb7c8b79f) Importer(815301076,1909f56bfc062723c751e8b465ee728b)  -> (artifact id: 'bcc5e764ea60cf4699b58fca36560ac9') in 0.100777 seconds 
  Import took 0.108399 seconds .

========================================================================
Received Import Request.
  Time since last request: 95.362193 seconds.
  path: Assets/colors/pink.mat
  artifactKey: Guid(a386a4ecfbbc0344da877373ee14617d) Importer(815301076,1909f56bfc062723c751e8b465ee728b)
Start importing Assets/colors/pink.mat using Guid(a386a4ecfbbc0344da877373ee14617d) Importer(815301076,1909f56bfc062723c751e8b465ee728b)  -> (artifact id: 'bfe8635ffa3fadbc18e1b5e1cd613d4b') in 0.086431 seconds 
  Import took 0.098742 seconds .

========================================================================
Received Import Request.
  Time since last request: 5.864364 seconds.
  path: Assets/colors/silver.mat
  artifactKey: Guid(fac1082c152bc5f4a9bb633bb7c8b79f) Importer(815301076,1909f56bfc062723c751e8b465ee728b)
Start importing Assets/colors/silver.mat using Guid(fac1082c152bc5f4a9bb633bb7c8b79f) Importer(815301076,1909f56bfc062723c751e8b465ee728b)  -> (artifact id: '985d82c5749eae1eae23333a9026d6cb') in 0.083776 seconds 
  Import took 0.088672 seconds .

========================================================================
Received Import Request.
  Time since last request: 1275.430823 seconds.
  path: Assets/Scenes
  artifactKey: Guid(8b247c4a6b886f94485d260da0689c66) Importer(815301076,1909f56bfc062723c751e8b465ee728b)
Start importing Assets/Scenes using Guid(8b247c4a6b886f94485d260da0689c66) Importer(815301076,1909f56bfc062723c751e8b465ee728b)  -> (artifact id: '91249561308bb76f66b8af5d25b7c17a') in 0.032322 seconds 
  Import took 0.040546 seconds .

========================================================================
Received Import Request.
  Time since last request: 47.369559 seconds.
  path: Assets/MilkyWay
  artifactKey: Guid(c2f5cc366c0847c408aa5c6136273405) Importer(815301076,1909f56bfc062723c751e8b465ee728b)
Start importing Assets/MilkyWay using Guid(c2f5cc366c0847c408aa5c6136273405) Importer(815301076,1909f56bfc062723c751e8b465ee728b)  -> (artifact id: 'fd8fa4a0d2da253829e3b235e044b323') in 0.039257 seconds 
  Import took 0.046478 seconds .

========================================================================
Received Import Request.
  Time since last request: 5.854329 seconds.
  path: Assets/MilkyWay/Scenes
  artifactKey: Guid(8f302845b046ad3419f3d4aaf1f2360f) Importer(815301076,1909f56bfc062723c751e8b465ee728b)
Start importing Assets/MilkyWay/Scenes using Guid(8f302845b046ad3419f3d4aaf1f2360f) Importer(815301076,1909f56bfc062723c751e8b465ee728b)  -> (artifact id: '84bc8e91a5c7d615b1b1f9491b9e16ea') in 0.020486 seconds 
  Import took 0.033001 seconds .

========================================================================
Received Import Request.
  Time since last request: 1.999190 seconds.
  path: Assets/MilkyWay/Material/MilkyWay.mat
  artifactKey: Guid(860a66ca4259b384f9ec01b687f71c3c) Importer(815301076,1909f56bfc062723c751e8b465ee728b)
Start importing Assets/MilkyWay/Material/MilkyWay.mat using Guid(860a66ca4259b384f9ec01b687f71c3c) Importer(815301076,1909f56bfc062723c751e8b465ee728b)  -> (artifact id: '6a601d0b1bdac865f6b6d27ff75dabdf') in 0.504302 seconds 
  Import took 0.531431 seconds .

========================================================================
Received Import Request.
  Time since last request: 472.147493 seconds.
  path: Assets/colors/bowls.mat
  artifactKey: Guid(70cac100bdc652340a2a46b632b55e2c) Importer(815301076,1909f56bfc062723c751e8b465ee728b)
Start importing Assets/colors/bowls.mat using Guid(70cac100bdc652340a2a46b632b55e2c) Importer(815301076,1909f56bfc062723c751e8b465ee728b)  -> (artifact id: '6f702f68ddd0bb787641decf2d76f87d') in 0.045352 seconds 
  Import took 0.050072 seconds .

