Using pre-set license
Built from '2020.3/staging' branch; Version is '2020.3.18f1 (a7d1c678663c) revision 10998214'; Using compiler version '192528614'; Build Type 'Release'
OS: 'Windows 10 Home; OS build 19043.1288; Version 2009; 64bit' Language: 'en' Physical Memory: 7733 MB
BatchMode: 1, IsHumanControllingUs: 0, StartBugReporterOnCrash: 0, Is64bit: 1, IsPro: 0

COMMAND LINE ARGUMENTS:
C:\Program Files\Unity\Hub\Editor\2020.3.18f1\Editor\Unity.exe
-adb2
-batchMode
-noUpm
-name
AssetImportWorker0
-projectPath
C:/Users/Owner/Documents/GitHub/final-project/the final
-logFile
Logs/AssetImportWorker0.log
-srvPort
60284
Successfully changed project path to: C:/Users/Owner/Documents/GitHub/final-project/the final
C:/Users/Owner/Documents/GitHub/final-project/the final
Using Asset Import Pipeline V2.
Refreshing native plugins compatible for Editor in 51.45 ms, found 2 plugins.
Preloading 0 native plugins for Editor in 0.00 ms.
Initialize engine version: 2020.3.18f1 (a7d1c678663c)
[Subsystems] Discovering subsystems at path C:/Program Files/Unity/Hub/Editor/2020.3.18f1/Editor/Data/Resources/UnitySubsystems
[Subsystems] Discovering subsystems at path C:/Users/Owner/Documents/GitHub/final-project/the final/Assets
GfxDevice: creating device client; threaded=0
Direct3D:
    Version:  Direct3D 11.0 [level 11.1]
    Renderer: AMD Radeon(TM) Vega 3 Graphics (ID=0x15dd)
    Vendor:   
    VRAM:     3866 MB
    Driver:   26.20.12036.1
Initialize mono
Mono path[0] = 'C:/Program Files/Unity/Hub/Editor/2020.3.18f1/Editor/Data/Managed'
Mono path[1] = 'C:/Program Files/Unity/Hub/Editor/2020.3.18f1/Editor/Data/MonoBleedingEdge/lib/mono/unityjit'
Mono config path = 'C:/Program Files/Unity/Hub/Editor/2020.3.18f1/Editor/Data/MonoBleedingEdge/etc'
Using monoOptions --debugger-agent=transport=dt_socket,embedding=1,server=y,suspend=n,address=127.0.0.1:56556
Begin MonoManager ReloadAssembly
Registering precompiled unity dll's ...
Register platform support module: C:/Program Files/Unity/Hub/Editor/2020.3.18f1/Editor/Data/PlaybackEngines/WindowsStandaloneSupport/UnityEditor.WindowsStandalone.Extensions.dll
Registered in 0.160662 seconds.
Native extension for WindowsStandalone target not found
Refreshing native plugins compatible for Editor in 44.87 ms, found 2 plugins.
Preloading 0 native plugins for Editor in 0.00 ms.
Mono: successfully reloaded assembly
- Completed reload, in  5.674 seconds
Domain Reload Profiling:
	ReloadAssembly (5674ms)
		BeginReloadAssembly (3284ms)
			ExecutionOrderSort (0ms)
			DisableScriptedObjects (0ms)
			BackupInstance (0ms)
			ReleaseScriptingObjects (0ms)
			CreateAndSetChildDomain (2ms)
		EndReloadAssembly (1045ms)
			LoadAssemblies (3287ms)
			RebuildTransferFunctionScriptingTraits (0ms)
			SetupTypeCache (591ms)
			ReleaseScriptCaches (0ms)
			RebuildScriptCaches (48ms)
			SetupLoadedEditorAssemblies (265ms)
				LogAssemblyErrors (0ms)
				InitializePlatformSupportModulesInManaged (7ms)
				SetLoadedEditorAssemblies (0ms)
				RefreshPlugins (45ms)
				BeforeProcessingInitializeOnLoad (13ms)
				ProcessInitializeOnLoadAttributes (133ms)
				ProcessInitializeOnLoadMethodAttributes (66ms)
				AfterProcessingInitializeOnLoad (0ms)
				EditorAssembliesLoaded (0ms)
			ExecutionOrderSort2 (0ms)
			AwakeInstancesAfterBackupRestoration (0ms)
Platform modules already initialized, skipping
Registering precompiled user dll's ...
Registered in 0.700138 seconds.
Begin MonoManager ReloadAssembly
Native extension for WindowsStandalone target not found
Refreshing native plugins compatible for Editor in 0.40 ms, found 2 plugins.
Preloading 0 native plugins for Editor in 0.00 ms.
Mono: successfully reloaded assembly
- Completed reload, in  3.833 seconds
Domain Reload Profiling:
	ReloadAssembly (3840ms)
		BeginReloadAssembly (222ms)
			ExecutionOrderSort (0ms)
			DisableScriptedObjects (6ms)
			BackupInstance (0ms)
			ReleaseScriptingObjects (0ms)
			CreateAndSetChildDomain (25ms)
		EndReloadAssembly (3507ms)
			LoadAssemblies (1506ms)
			RebuildTransferFunctionScriptingTraits (0ms)
			SetupTypeCache (1107ms)
			ReleaseScriptCaches (1ms)
			RebuildScriptCaches (60ms)
			SetupLoadedEditorAssemblies (674ms)
				LogAssemblyErrors (0ms)
				InitializePlatformSupportModulesInManaged (7ms)
				SetLoadedEditorAssemblies (1ms)
				RefreshPlugins (1ms)
				BeforeProcessingInitializeOnLoad (84ms)
				ProcessInitializeOnLoadAttributes (529ms)
				ProcessInitializeOnLoadMethodAttributes (8ms)
				AfterProcessingInitializeOnLoad (43ms)
				EditorAssembliesLoaded (1ms)
			ExecutionOrderSort2 (0ms)
			AwakeInstancesAfterBackupRestoration (15ms)
Platform modules already initialized, skipping
========================================================================
Worker process is ready to serve import requests
Launched and connected shader compiler UnityShaderCompiler.exe after 0.14 seconds
Refreshing native plugins compatible for Editor in 0.58 ms, found 2 plugins.
Preloading 0 native plugins for Editor in 0.00 ms.
Unloading 1396 Unused Serialized files (Serialized files now loaded: 0)
System memory in use before: 65.0 MB.
System memory in use after: 65.0 MB.

Unloading 16 unused Assets to reduce memory usage. Loaded Objects now: 1832.
Total: 4.073300 ms (FindLiveObjects: 0.217600 ms CreateObjectMapping: 0.046000 ms MarkObjects: 3.710700 ms  DeleteObjects: 0.097300 ms)

AssetImportParameters requested are different than current active one (requested -> active):
  custom:framework-win-MediaFoundation: 216162199b28c13a410421893ffa2e32 -> 
  custom:video-decoder-ogg-theora: a1e56fd34408186e4bbccfd4996cb3dc -> 
  custom:container-muxer-webm: aa71ff27fc2769a1b78a27578f13a17b -> 
  custom:container-demuxer-webm: 4f35f7cbe854078d1ac9338744f61a02 -> 
  custom:container-demuxer-ogg: 62fdf1f143b41e24485cea50d1cbac27 -> 
  custom:video-encoder-webm-vp8: eb34c28f22e8b96e1ab97ce403110664 -> 
  custom:video-decoder-webm-vp8: 9c59270c3fd7afecdb556c50c9e8de78 -> 
  custom:audio-decoder-ogg-vorbis: bf7c407c2cedff20999df2af8eb42d56 -> 
  custom:audio-encoder-webm-vorbis: bf7c407c2cedff20999df2af8eb42d56 -> 
========================================================================
Received Import Request.
  path: Assets/colors/red.mat
  artifactKey: Guid(7c45256068cb9204d8f9a542a8e6e943) Importer(815301076,1909f56bfc062723c751e8b465ee728b)
Start importing Assets/colors/red.mat using Guid(7c45256068cb9204d8f9a542a8e6e943) Importer(815301076,1909f56bfc062723c751e8b465ee728b)  -> (artifact id: 'fe8d528fb04fcfdc50e24afb87e2fce2') in 0.210782 seconds 
  Import took 0.214764 seconds .

========================================================================
Received Import Request.
  Time since last request: 172.545107 seconds.
  path: Assets/colors/New Material.mat
  artifactKey: Guid(3a40663a71a584b488254d5634809f05) Importer(815301076,1909f56bfc062723c751e8b465ee728b)
Start importing Assets/colors/New Material.mat using Guid(3a40663a71a584b488254d5634809f05) Importer(815301076,1909f56bfc062723c751e8b465ee728b)  -> (artifact id: '506046916e04f09b930238af06093a3c') in 0.039486 seconds 
  Import took 0.046487 seconds .

========================================================================
Received Import Request.
  Time since last request: 55.380440 seconds.
  path: Assets/colors/rice bags.mat
  artifactKey: Guid(3a40663a71a584b488254d5634809f05) Importer(815301076,1909f56bfc062723c751e8b465ee728b)
Start importing Assets/colors/rice bags.mat using Guid(3a40663a71a584b488254d5634809f05) Importer(815301076,1909f56bfc062723c751e8b465ee728b)  -> (artifact id: 'aa96c65d07b5bf635254671fbe7c33f7') in 0.028421 seconds 
  Import took 0.036009 seconds .

========================================================================
Received Import Request.
  Time since last request: 48.293770 seconds.
  path: Assets/colors/black.mat
  artifactKey: Guid(adf3a6e03550fe3419c1a3902e066b28) Importer(815301076,1909f56bfc062723c751e8b465ee728b)
Start importing Assets/colors/black.mat using Guid(adf3a6e03550fe3419c1a3902e066b28) Importer(815301076,1909f56bfc062723c751e8b465ee728b)  -> (artifact id: '81cdd243abefe8907ceab39583d119bb') in 0.041358 seconds 
  Import took 0.045396 seconds .

========================================================================
Received Prepare
Registering precompiled user dll's ...
Registered in 0.004745 seconds.
Begin MonoManager ReloadAssembly
Native extension for WindowsStandalone target not found
Refreshing native plugins compatible for Editor in 0.40 ms, found 2 plugins.
Preloading 0 native plugins for Editor in 0.00 ms.
Mono: successfully reloaded assembly
- Completed reload, in  1.687 seconds
Domain Reload Profiling:
	ReloadAssembly (1688ms)
		BeginReloadAssembly (209ms)
			ExecutionOrderSort (0ms)
			DisableScriptedObjects (16ms)
			BackupInstance (0ms)
			ReleaseScriptingObjects (0ms)
			CreateAndSetChildDomain (57ms)
		EndReloadAssembly (1291ms)
			LoadAssemblies (160ms)
			RebuildTransferFunctionScriptingTraits (0ms)
			SetupTypeCache (451ms)
			ReleaseScriptCaches (1ms)
			RebuildScriptCaches (64ms)
			SetupLoadedEditorAssemblies (447ms)
				LogAssemblyErrors (0ms)
				InitializePlatformSupportModulesInManaged (8ms)
				SetLoadedEditorAssemblies (1ms)
				RefreshPlugins (0ms)
				BeforeProcessingInitializeOnLoad (77ms)
				ProcessInitializeOnLoadAttributes (340ms)
				ProcessInitializeOnLoadMethodAttributes (9ms)
				AfterProcessingInitializeOnLoad (11ms)
				EditorAssembliesLoaded (1ms)
			ExecutionOrderSort2 (0ms)
			AwakeInstancesAfterBackupRestoration (19ms)
Platform modules already initialized, skipping
Refreshing native plugins compatible for Editor in 0.91 ms, found 2 plugins.
Preloading 0 native plugins for Editor in 0.00 ms.
Unloading 1390 Unused Serialized files (Serialized files now loaded: 0)
System memory in use before: 68.1 MB.
System memory in use after: 68.2 MB.

Unloading 11 unused Assets to reduce memory usage. Loaded Objects now: 1874.
Total: 4.040400 ms (FindLiveObjects: 0.276100 ms CreateObjectMapping: 0.049800 ms MarkObjects: 3.690500 ms  DeleteObjects: 0.022500 ms)

AssetImportParameters requested are different than current active one (requested -> active):
  custom:framework-win-MediaFoundation: 216162199b28c13a410421893ffa2e32 -> 
  custom:video-decoder-ogg-theora: a1e56fd34408186e4bbccfd4996cb3dc -> 
  custom:container-muxer-webm: aa71ff27fc2769a1b78a27578f13a17b -> 
  custom:container-demuxer-webm: 4f35f7cbe854078d1ac9338744f61a02 -> 
  custom:container-demuxer-ogg: 62fdf1f143b41e24485cea50d1cbac27 -> 
  custom:video-encoder-webm-vp8: eb34c28f22e8b96e1ab97ce403110664 -> 
  custom:video-decoder-webm-vp8: 9c59270c3fd7afecdb556c50c9e8de78 -> 
  custom:audio-decoder-ogg-vorbis: bf7c407c2cedff20999df2af8eb42d56 -> 
  custom:audio-encoder-webm-vorbis: bf7c407c2cedff20999df2af8eb42d56 -> 
========================================================================
Received Import Request.
  Time since last request: 3375.560357 seconds.
  path: Assets/colors/black.mat
  artifactKey: Guid(adf3a6e03550fe3419c1a3902e066b28) Importer(815301076,1909f56bfc062723c751e8b465ee728b)
Start importing Assets/colors/black.mat using Guid(adf3a6e03550fe3419c1a3902e066b28) Importer(815301076,1909f56bfc062723c751e8b465ee728b)  -> (artifact id: 'a16f0457d77d0d99366bd7d71b1277f7') in 0.141469 seconds 
  Import took 0.486084 seconds .

========================================================================
Received Import Request.
  Time since last request: 23.821545 seconds.
  path: Assets/Butterfly (Animated)
  artifactKey: Guid(055757e1c8a9bfa469b71e6ac7db81c1) Importer(815301076,1909f56bfc062723c751e8b465ee728b)
Start importing Assets/Butterfly (Animated) using Guid(055757e1c8a9bfa469b71e6ac7db81c1) Importer(815301076,1909f56bfc062723c751e8b465ee728b)  -> (artifact id: '4bb67e294890231522d4abde849e86bc') in 0.017922 seconds 
  Import took 0.025133 seconds .

========================================================================
Received Import Request.
  Time since last request: 1.562634 seconds.
  path: Assets/Butterfly (Animated)/Demo Scene
  artifactKey: Guid(7e094057c314cd449859318d7fd9df80) Importer(815301076,1909f56bfc062723c751e8b465ee728b)
Start importing Assets/Butterfly (Animated)/Demo Scene using Guid(7e094057c314cd449859318d7fd9df80) Importer(815301076,1909f56bfc062723c751e8b465ee728b)  -> (artifact id: '54ea2c4b7148e54cf32ff0a692959374') in 0.083709 seconds 
  Import took 0.091716 seconds .

========================================================================
Received Import Request.
  Time since last request: 3.473872 seconds.
  path: Assets/Butterfly (Animated)/FBX
  artifactKey: Guid(622d2196582d84545826451e72a29f13) Importer(815301076,1909f56bfc062723c751e8b465ee728b)
Start importing Assets/Butterfly (Animated)/FBX using Guid(622d2196582d84545826451e72a29f13) Importer(815301076,1909f56bfc062723c751e8b465ee728b)  -> (artifact id: '788609fb673237bf26b58fce50d3b7d0') in 0.022344 seconds 
  Import took 0.027438 seconds .

========================================================================
Received Import Request.
  Time since last request: 0.040228 seconds.
  path: Assets/Butterfly (Animated)/FBX/butterfly.FBX
  artifactKey: Guid(bf1b95fba89fb2e438e098ef4361e389) Importer(815301076,1909f56bfc062723c751e8b465ee728b)
Start importing Assets/Butterfly (Animated)/FBX/butterfly.FBX using Guid(bf1b95fba89fb2e438e098ef4361e389) Importer(815301076,1909f56bfc062723c751e8b465ee728b)  -> (artifact id: 'ac131e14db41dd5d57bbcdeb907af6ab') in 0.698346 seconds 
  Import took 0.702859 seconds .

========================================================================
Received Import Request.
  Time since last request: 0.000282 seconds.
  path: Assets/Butterfly (Animated)/FBX/stones.FBX
  artifactKey: Guid(04e5120954a5c0e42ae6bdc55bfe74a9) Importer(815301076,1909f56bfc062723c751e8b465ee728b)
Start importing Assets/Butterfly (Animated)/FBX/stones.FBX using Guid(04e5120954a5c0e42ae6bdc55bfe74a9) Importer(815301076,1909f56bfc062723c751e8b465ee728b)  -> (artifact id: '070d2441a7fcf85ec89064349af87e6a') in 0.098038 seconds 
  Import took 0.103166 seconds .

========================================================================
Received Import Request.
  Time since last request: 0.913084 seconds.
  path: Assets/Butterfly (Animated)/FBX/butterfly.fbm
  artifactKey: Guid(552e46cc2f04394419ddde229ee9ee01) Importer(815301076,1909f56bfc062723c751e8b465ee728b)
Start importing Assets/Butterfly (Animated)/FBX/butterfly.fbm using Guid(552e46cc2f04394419ddde229ee9ee01) Importer(815301076,1909f56bfc062723c751e8b465ee728b)  -> (artifact id: '61aeefa6a482f9a4fe4ca784321e1009') in 0.016267 seconds 
  Import took 0.020916 seconds .

========================================================================
Received Import Request.
  Time since last request: 0.003663 seconds.
  path: Assets/Butterfly (Animated)/FBX/butterfly.fbm
  artifactKey: Guid(552e46cc2f04394419ddde229ee9ee01) Importer(815301076,1909f56bfc062723c751e8b465ee728b)
Start importing Assets/Butterfly (Animated)/FBX/butterfly.fbm using Guid(552e46cc2f04394419ddde229ee9ee01) Importer(815301076,1909f56bfc062723c751e8b465ee728b)  -> (artifact id: '61aeefa6a482f9a4fe4ca784321e1009') in 0.012534 seconds 
  Import took 0.017944 seconds .

========================================================================
Received Import Request.
  Time since last request: 2.311825 seconds.
  path: Assets/Butterfly (Animated)/FBX/Materials
  artifactKey: Guid(b1ae9e1f6e037e7448b85192dfe7cff7) Importer(815301076,1909f56bfc062723c751e8b465ee728b)
Start importing Assets/Butterfly (Animated)/FBX/Materials using Guid(b1ae9e1f6e037e7448b85192dfe7cff7) Importer(815301076,1909f56bfc062723c751e8b465ee728b)  -> (artifact id: 'a7e7e6aea28a7138355a07a8171dffe5') in 0.016274 seconds 
  Import took 0.021654 seconds .

========================================================================
Received Import Request.
  Time since last request: 125.781774 seconds.
  path: Assets/Butterfly (Animated)/FBX/Materials/01 - Default.mat
  artifactKey: Guid(539f4a98612cbcb4d80357987d5e312a) Importer(815301076,1909f56bfc062723c751e8b465ee728b)
Start importing Assets/Butterfly (Animated)/FBX/Materials/01 - Default.mat using Guid(539f4a98612cbcb4d80357987d5e312a) Importer(815301076,1909f56bfc062723c751e8b465ee728b)  -> (artifact id: 'bb043b1856cba60e131f90b6f53e50fd') in 0.023614 seconds 
  Import took 0.027914 seconds .

========================================================================
Received Import Request.
  Time since last request: 0.000348 seconds.
  path: Assets/Butterfly (Animated)/FBX/Materials/butterfly_Albedo.mat
  artifactKey: Guid(1eca18427cc79454e8d1c5a80ce32292) Importer(815301076,1909f56bfc062723c751e8b465ee728b)
Start importing Assets/Butterfly (Animated)/FBX/Materials/butterfly_Albedo.mat using Guid(1eca18427cc79454e8d1c5a80ce32292) Importer(815301076,1909f56bfc062723c751e8b465ee728b)  -> (artifact id: 'eb45b812dda4c3301e5e310ac33097bb') in 0.026207 seconds 
  Import took 0.030556 seconds .

========================================================================
Received Import Request.
  Time since last request: 0.000316 seconds.
  path: Assets/Butterfly (Animated)/FBX/Materials/hair_unity.mat
  artifactKey: Guid(29233972ab4bb4a4b86281621a41e597) Importer(815301076,1909f56bfc062723c751e8b465ee728b)
Start importing Assets/Butterfly (Animated)/FBX/Materials/hair_unity.mat using Guid(29233972ab4bb4a4b86281621a41e597) Importer(815301076,1909f56bfc062723c751e8b465ee728b)  -> (artifact id: 'd4859ea58e27175b8c639ea6d8a40485') in 0.026463 seconds 
  Import took 0.030454 seconds .

========================================================================
Received Import Request.
  Time since last request: 0.000296 seconds.
  path: Assets/Butterfly (Animated)/FBX/Materials/stones.mat
  artifactKey: Guid(83bacb49ee80172418e8c93d03f2c44e) Importer(815301076,1909f56bfc062723c751e8b465ee728b)
Start importing Assets/Butterfly (Animated)/FBX/Materials/stones.mat using Guid(83bacb49ee80172418e8c93d03f2c44e) Importer(815301076,1909f56bfc062723c751e8b465ee728b)  -> (artifact id: 'f4b5305821f61b7e2986945c0d5c5b42') in 0.014953 seconds 
  Import took 0.018609 seconds .

========================================================================
Received Import Request.
  Time since last request: 17.172955 seconds.
  path: Assets/Butterfly (Animated)/Prefab
  artifactKey: Guid(18118b36a750dda478874630e55cf60d) Importer(815301076,1909f56bfc062723c751e8b465ee728b)
Start importing Assets/Butterfly (Animated)/Prefab using Guid(18118b36a750dda478874630e55cf60d) Importer(815301076,1909f56bfc062723c751e8b465ee728b)  -> (artifact id: 'bd13c02a33e29344c1508aa0cc989c2d') in 0.017883 seconds 
  Import took 0.024932 seconds .

========================================================================
Received Import Request.
  Time since last request: 0.001395 seconds.
  path: Assets/Butterfly (Animated)/Prefab
  artifactKey: Guid(18118b36a750dda478874630e55cf60d) Importer(815301076,1909f56bfc062723c751e8b465ee728b)
Start importing Assets/Butterfly (Animated)/Prefab using Guid(18118b36a750dda478874630e55cf60d) Importer(815301076,1909f56bfc062723c751e8b465ee728b)  -> (artifact id: 'bd13c02a33e29344c1508aa0cc989c2d') in 0.010513 seconds 
  Import took 0.015551 seconds .

========================================================================
Received Import Request.
  Time since last request: 0.030165 seconds.
  path: Assets/Butterfly (Animated)/Prefab/Butterfly.prefab
  artifactKey: Guid(be999fe03c257ec4cb0a3a4b5ca72217) Importer(815301076,1909f56bfc062723c751e8b465ee728b)
Start importing Assets/Butterfly (Animated)/Prefab/Butterfly.prefab using Guid(be999fe03c257ec4cb0a3a4b5ca72217) Importer(815301076,1909f56bfc062723c751e8b465ee728b)  -> (artifact id: '300b80490a9a0aa5cc95146493ff3ddf') in 0.037314 seconds 
  Import took 0.042281 seconds .

========================================================================
Received Import Request.
  Time since last request: 31.974304 seconds.
  path: Assets/Butterfly (Animated)/Butterfly (Animated).txt
  artifactKey: Guid(ba2abf1a01601f546ae4b1e4d8ca2312) Importer(815301076,1909f56bfc062723c751e8b465ee728b)
Start importing Assets/Butterfly (Animated)/Butterfly (Animated).txt using Guid(ba2abf1a01601f546ae4b1e4d8ca2312) Importer(815301076,1909f56bfc062723c751e8b465ee728b)  -> (artifact id: '6866da855be584fc9e1a550bdd895de7') in 0.020180 seconds 
  Import took 0.028617 seconds .

========================================================================
Received Import Request.
  Time since last request: 0.000885 seconds.
  path: Assets/Butterfly (Animated)/Butterfly (Animated).txt
  artifactKey: Guid(ba2abf1a01601f546ae4b1e4d8ca2312) Importer(815301076,1909f56bfc062723c751e8b465ee728b)
Start importing Assets/Butterfly (Animated)/Butterfly (Animated).txt using Guid(ba2abf1a01601f546ae4b1e4d8ca2312) Importer(815301076,1909f56bfc062723c751e8b465ee728b)  -> (artifact id: '6866da855be584fc9e1a550bdd895de7') in 0.007703 seconds 
  Import took 0.012510 seconds .

========================================================================
Received Prepare
Registering precompiled user dll's ...
Registered in 0.006592 seconds.
Begin MonoManager ReloadAssembly
Native extension for WindowsStandalone target not found
Refreshing native plugins compatible for Editor in 0.64 ms, found 2 plugins.
Preloading 0 native plugins for Editor in 0.00 ms.
Mono: successfully reloaded assembly
- Completed reload, in  1.657 seconds
Domain Reload Profiling:
	ReloadAssembly (1658ms)
		BeginReloadAssembly (255ms)
			ExecutionOrderSort (0ms)
			DisableScriptedObjects (15ms)
			BackupInstance (0ms)
			ReleaseScriptingObjects (0ms)
			CreateAndSetChildDomain (108ms)
		EndReloadAssembly (1275ms)
			LoadAssemblies (152ms)
			RebuildTransferFunctionScriptingTraits (0ms)
			SetupTypeCache (464ms)
			ReleaseScriptCaches (1ms)
			RebuildScriptCaches (57ms)
			SetupLoadedEditorAssemblies (455ms)
				LogAssemblyErrors (0ms)
				InitializePlatformSupportModulesInManaged (9ms)
				SetLoadedEditorAssemblies (1ms)
				RefreshPlugins (1ms)
				BeforeProcessingInitializeOnLoad (82ms)
				ProcessInitializeOnLoadAttributes (342ms)
				ProcessInitializeOnLoadMethodAttributes (8ms)
				AfterProcessingInitializeOnLoad (12ms)
				EditorAssembliesLoaded (0ms)
			ExecutionOrderSort2 (0ms)
			AwakeInstancesAfterBackupRestoration (17ms)
Platform modules already initialized, skipping
Refreshing native plugins compatible for Editor in 0.46 ms, found 2 plugins.
Preloading 0 native plugins for Editor in 0.00 ms.
Unloading 1390 Unused Serialized files (Serialized files now loaded: 0)
System memory in use before: 68.4 MB.
System memory in use after: 68.5 MB.

Unloading 11 unused Assets to reduce memory usage. Loaded Objects now: 1880.
Total: 4.191700 ms (FindLiveObjects: 0.292900 ms CreateObjectMapping: 0.044600 ms MarkObjects: 3.765300 ms  DeleteObjects: 0.087500 ms)

AssetImportParameters requested are different than current active one (requested -> active):
  custom:framework-win-MediaFoundation: 216162199b28c13a410421893ffa2e32 -> 
  custom:video-decoder-ogg-theora: a1e56fd34408186e4bbccfd4996cb3dc -> 
  custom:container-muxer-webm: aa71ff27fc2769a1b78a27578f13a17b -> 
  custom:container-demuxer-webm: 4f35f7cbe854078d1ac9338744f61a02 -> 
  custom:container-demuxer-ogg: 62fdf1f143b41e24485cea50d1cbac27 -> 
  custom:video-encoder-webm-vp8: eb34c28f22e8b96e1ab97ce403110664 -> 
  custom:video-decoder-webm-vp8: 9c59270c3fd7afecdb556c50c9e8de78 -> 
  custom:audio-decoder-ogg-vorbis: bf7c407c2cedff20999df2af8eb42d56 -> 
  custom:audio-encoder-webm-vorbis: bf7c407c2cedff20999df2af8eb42d56 -> 
========================================================================
Received Import Request.
  Time since last request: 1189.587820 seconds.
  path: Assets/Butterfly (Animated)/Demo Scene/Demo_Butterfly.unity
  artifactKey: Guid(880ce0214a3984347830159027a6646e) Importer(815301076,1909f56bfc062723c751e8b465ee728b)
Start importing Assets/Butterfly (Animated)/Demo Scene/Demo_Butterfly.unity using Guid(880ce0214a3984347830159027a6646e) Importer(815301076,1909f56bfc062723c751e8b465ee728b)  -> (artifact id: '5e73e1baf90952c8cda6c442ebe1efa1') in 0.039018 seconds 
  Import took 0.042854 seconds .

========================================================================
Received Import Request.
  Time since last request: 6.687595 seconds.
  path: Assets/Butterfly (Animated)/Demo Scene/Demo_ButterflySettings.lighting
  artifactKey: Guid(731ed03ed072d8a46b5d0f78e2cf695f) Importer(815301076,1909f56bfc062723c751e8b465ee728b)
Start importing Assets/Butterfly (Animated)/Demo Scene/Demo_ButterflySettings.lighting using Guid(731ed03ed072d8a46b5d0f78e2cf695f) Importer(815301076,1909f56bfc062723c751e8b465ee728b) LightingSettings: switching bake backend from 1 to 0.
 -> (artifact id: '6574ccc7823777d46e8b2c25446a0696') in 0.018218 seconds 
  Import took 0.023138 seconds .

========================================================================
Received Import Request.
  Time since last request: 0.005219 seconds.
  path: Assets/Butterfly (Animated)/Demo Scene/Demo_ButterflySettings.lighting
  artifactKey: Guid(731ed03ed072d8a46b5d0f78e2cf695f) Importer(815301076,1909f56bfc062723c751e8b465ee728b)
Start importing Assets/Butterfly (Animated)/Demo Scene/Demo_ButterflySettings.lighting using Guid(731ed03ed072d8a46b5d0f78e2cf695f) Importer(815301076,1909f56bfc062723c751e8b465ee728b) LightingSettings: switching bake backend from 1 to 0.
 -> (artifact id: '6574ccc7823777d46e8b2c25446a0696') in 0.009415 seconds 
  Import took 0.013618 seconds .

========================================================================
Received Prepare
Registering precompiled user dll's ...
Registered in 0.004844 seconds.
Begin MonoManager ReloadAssembly
Native extension for WindowsStandalone target not found
Refreshing native plugins compatible for Editor in 0.40 ms, found 2 plugins.
Preloading 0 native plugins for Editor in 0.00 ms.
Mono: successfully reloaded assembly
- Completed reload, in  1.746 seconds
Domain Reload Profiling:
	ReloadAssembly (1746ms)
		BeginReloadAssembly (169ms)
			ExecutionOrderSort (0ms)
			DisableScriptedObjects (8ms)
			BackupInstance (0ms)
			ReleaseScriptingObjects (0ms)
			CreateAndSetChildDomain (50ms)
		EndReloadAssembly (1436ms)
			LoadAssemblies (139ms)
			RebuildTransferFunctionScriptingTraits (0ms)
			SetupTypeCache (454ms)
			ReleaseScriptCaches (1ms)
			RebuildScriptCaches (61ms)
			SetupLoadedEditorAssemblies (623ms)
				LogAssemblyErrors (0ms)
				InitializePlatformSupportModulesInManaged (8ms)
				SetLoadedEditorAssemblies (1ms)
				RefreshPlugins (1ms)
				BeforeProcessingInitializeOnLoad (184ms)
				ProcessInitializeOnLoadAttributes (410ms)
				ProcessInitializeOnLoadMethodAttributes (8ms)
				AfterProcessingInitializeOnLoad (12ms)
				EditorAssembliesLoaded (0ms)
			ExecutionOrderSort2 (0ms)
			AwakeInstancesAfterBackupRestoration (10ms)
Platform modules already initialized, skipping
Refreshing native plugins compatible for Editor in 0.56 ms, found 2 plugins.
Preloading 0 native plugins for Editor in 0.00 ms.
Unloading 1390 Unused Serialized files (Serialized files now loaded: 0)
System memory in use before: 68.4 MB.
System memory in use after: 68.5 MB.

Unloading 11 unused Assets to reduce memory usage. Loaded Objects now: 1882.
Total: 4.943600 ms (FindLiveObjects: 0.345000 ms CreateObjectMapping: 0.059700 ms MarkObjects: 4.508500 ms  DeleteObjects: 0.028100 ms)

AssetImportParameters requested are different than current active one (requested -> active):
  custom:framework-win-MediaFoundation: 216162199b28c13a410421893ffa2e32 -> 
  custom:video-decoder-ogg-theora: a1e56fd34408186e4bbccfd4996cb3dc -> 
  custom:container-muxer-webm: aa71ff27fc2769a1b78a27578f13a17b -> 
  custom:container-demuxer-webm: 4f35f7cbe854078d1ac9338744f61a02 -> 
  custom:container-demuxer-ogg: 62fdf1f143b41e24485cea50d1cbac27 -> 
  custom:video-encoder-webm-vp8: eb34c28f22e8b96e1ab97ce403110664 -> 
  custom:video-decoder-webm-vp8: 9c59270c3fd7afecdb556c50c9e8de78 -> 
  custom:audio-decoder-ogg-vorbis: bf7c407c2cedff20999df2af8eb42d56 -> 
  custom:audio-encoder-webm-vorbis: bf7c407c2cedff20999df2af8eb42d56 -> 
========================================================================
Received Prepare
Registering precompiled user dll's ...
Registered in 0.007204 seconds.
Begin MonoManager ReloadAssembly
Native extension for WindowsStandalone target not found
Refreshing native plugins compatible for Editor in 0.40 ms, found 2 plugins.
Preloading 0 native plugins for Editor in 0.00 ms.
Mono: successfully reloaded assembly
- Completed reload, in  2.015 seconds
Domain Reload Profiling:
	ReloadAssembly (2016ms)
		BeginReloadAssembly (172ms)
			ExecutionOrderSort (0ms)
			DisableScriptedObjects (6ms)
			BackupInstance (0ms)
			ReleaseScriptingObjects (0ms)
			CreateAndSetChildDomain (49ms)
		EndReloadAssembly (1727ms)
			LoadAssemblies (140ms)
			RebuildTransferFunctionScriptingTraits (0ms)
			SetupTypeCache (615ms)
			ReleaseScriptCaches (1ms)
			RebuildScriptCaches (97ms)
			SetupLoadedEditorAssemblies (679ms)
				LogAssemblyErrors (0ms)
				InitializePlatformSupportModulesInManaged (11ms)
				SetLoadedEditorAssemblies (1ms)
				RefreshPlugins (1ms)
				BeforeProcessingInitializeOnLoad (84ms)
				ProcessInitializeOnLoadAttributes (560ms)
				ProcessInitializeOnLoadMethodAttributes (7ms)
				AfterProcessingInitializeOnLoad (16ms)
				EditorAssembliesLoaded (1ms)
			ExecutionOrderSort2 (0ms)
			AwakeInstancesAfterBackupRestoration (14ms)
Platform modules already initialized, skipping
Refreshing native plugins compatible for Editor in 0.51 ms, found 2 plugins.
Preloading 0 native plugins for Editor in 0.00 ms.
Unloading 1390 Unused Serialized files (Serialized files now loaded: 0)
System memory in use before: 68.4 MB.
System memory in use after: 68.5 MB.

Unloading 11 unused Assets to reduce memory usage. Loaded Objects now: 1884.
Total: 4.134100 ms (FindLiveObjects: 0.286200 ms CreateObjectMapping: 0.056800 ms MarkObjects: 3.762600 ms  DeleteObjects: 0.027100 ms)

AssetImportParameters requested are different than current active one (requested -> active):
  custom:framework-win-MediaFoundation: 216162199b28c13a410421893ffa2e32 -> 
  custom:video-decoder-ogg-theora: a1e56fd34408186e4bbccfd4996cb3dc -> 
  custom:container-muxer-webm: aa71ff27fc2769a1b78a27578f13a17b -> 
  custom:container-demuxer-webm: 4f35f7cbe854078d1ac9338744f61a02 -> 
  custom:container-demuxer-ogg: 62fdf1f143b41e24485cea50d1cbac27 -> 
  custom:video-encoder-webm-vp8: eb34c28f22e8b96e1ab97ce403110664 -> 
  custom:video-decoder-webm-vp8: 9c59270c3fd7afecdb556c50c9e8de78 -> 
  custom:audio-decoder-ogg-vorbis: bf7c407c2cedff20999df2af8eb42d56 -> 
  custom:audio-encoder-webm-vorbis: bf7c407c2cedff20999df2af8eb42d56 -> 
AssetImportWorkerClient::OnTransportError - code=2 error=End of file
