Using pre-set license
Built from '2020.3/staging' branch; Version is '2020.3.18f1 (a7d1c678663c) revision 10998214'; Using compiler version '192528614'; Build Type 'Release'
OS: 'Windows 10 Home; OS build 19043.1288; Version 2009; 64bit' Language: 'en' Physical Memory: 7733 MB
BatchMode: 1, IsHumanControllingUs: 0, StartBugReporterOnCrash: 0, Is64bit: 1, IsPro: 0

COMMAND LINE ARGUMENTS:
C:\Program Files\Unity\Hub\Editor\2020.3.18f1\Editor\Unity.exe
-adb2
-batchMode
-noUpm
-name
AssetImportWorker10
-projectPath
C:/Users/Owner/Documents/GitHub/final-project/the final
-logFile
Logs/AssetImportWorker10.log
-srvPort
63890
Successfully changed project path to: C:/Users/Owner/Documents/GitHub/final-project/the final
C:/Users/Owner/Documents/GitHub/final-project/the final
Using Asset Import Pipeline V2.
Refreshing native plugins compatible for Editor in 379.72 ms, found 2 plugins.
Preloading 0 native plugins for Editor in 0.00 ms.
Initialize engine version: 2020.3.18f1 (a7d1c678663c)
[Subsystems] Discovering subsystems at path C:/Program Files/Unity/Hub/Editor/2020.3.18f1/Editor/Data/Resources/UnitySubsystems
[Subsystems] Discovering subsystems at path C:/Users/Owner/Documents/GitHub/final-project/the final/Assets
GfxDevice: creating device client; threaded=0
Direct3D:
    Version:  Direct3D 11.0 [level 11.1]
    Renderer: AMD Radeon(TM) Vega 3 Graphics (ID=0x15dd)
    Vendor:   
    VRAM:     3866 MB
    Driver:   26.20.12036.1
Initialize mono
Mono path[0] = 'C:/Program Files/Unity/Hub/Editor/2020.3.18f1/Editor/Data/Managed'
Mono path[1] = 'C:/Program Files/Unity/Hub/Editor/2020.3.18f1/Editor/Data/MonoBleedingEdge/lib/mono/unityjit'
Mono config path = 'C:/Program Files/Unity/Hub/Editor/2020.3.18f1/Editor/Data/MonoBleedingEdge/etc'
Using monoOptions --debugger-agent=transport=dt_socket,embedding=1,server=y,suspend=n,address=127.0.0.1:56204
Begin MonoManager ReloadAssembly
Registering precompiled unity dll's ...
Register platform support module: C:/Program Files/Unity/Hub/Editor/2020.3.18f1/Editor/Data/PlaybackEngines/WindowsStandaloneSupport/UnityEditor.WindowsStandalone.Extensions.dll
Registered in 0.017445 seconds.
Native extension for WindowsStandalone target not found
Refreshing native plugins compatible for Editor in 121.44 ms, found 2 plugins.
Preloading 0 native plugins for Editor in 0.00 ms.
Mono: successfully reloaded assembly
- Completed reload, in 11.327 seconds
Domain Reload Profiling:
	ReloadAssembly (11328ms)
		BeginReloadAssembly (347ms)
			ExecutionOrderSort (0ms)
			DisableScriptedObjects (0ms)
			BackupInstance (0ms)
			ReleaseScriptingObjects (0ms)
			CreateAndSetChildDomain (4ms)
		EndReloadAssembly (3156ms)
			LoadAssemblies (342ms)
			RebuildTransferFunctionScriptingTraits (0ms)
			SetupTypeCache (1061ms)
			ReleaseScriptCaches (0ms)
			RebuildScriptCaches (164ms)
			SetupLoadedEditorAssemblies (1449ms)
				LogAssemblyErrors (0ms)
				InitializePlatformSupportModulesInManaged (16ms)
				SetLoadedEditorAssemblies (1ms)
				RefreshPlugins (122ms)
				BeforeProcessingInitializeOnLoad (62ms)
				ProcessInitializeOnLoadAttributes (1060ms)
				ProcessInitializeOnLoadMethodAttributes (187ms)
				AfterProcessingInitializeOnLoad (0ms)
				EditorAssembliesLoaded (2ms)
			ExecutionOrderSort2 (0ms)
			AwakeInstancesAfterBackupRestoration (0ms)
Platform modules already initialized, skipping
Registering precompiled user dll's ...
Registered in 0.021697 seconds.
Begin MonoManager ReloadAssembly
Native extension for WindowsStandalone target not found
Refreshing native plugins compatible for Editor in 0.69 ms, found 2 plugins.
Preloading 0 native plugins for Editor in 0.00 ms.
Mono: successfully reloaded assembly
- Completed reload, in  9.113 seconds
Domain Reload Profiling:
	ReloadAssembly (9121ms)
		BeginReloadAssembly (1051ms)
			ExecutionOrderSort (0ms)
			DisableScriptedObjects (23ms)
			BackupInstance (0ms)
			ReleaseScriptingObjects (0ms)
			CreateAndSetChildDomain (111ms)
		EndReloadAssembly (7373ms)
			LoadAssemblies (605ms)
			RebuildTransferFunctionScriptingTraits (0ms)
			SetupTypeCache (4235ms)
			ReleaseScriptCaches (1ms)
			RebuildScriptCaches (269ms)
			SetupLoadedEditorAssemblies (1746ms)
				LogAssemblyErrors (0ms)
				InitializePlatformSupportModulesInManaged (41ms)
				SetLoadedEditorAssemblies (2ms)
				RefreshPlugins (1ms)
				BeforeProcessingInitializeOnLoad (275ms)
				ProcessInitializeOnLoadAttributes (1305ms)
				ProcessInitializeOnLoadMethodAttributes (72ms)
				AfterProcessingInitializeOnLoad (49ms)
				EditorAssembliesLoaded (1ms)
			ExecutionOrderSort2 (0ms)
			AwakeInstancesAfterBackupRestoration (50ms)
Platform modules already initialized, skipping
========================================================================
Worker process is ready to serve import requests
Launched and connected shader compiler UnityShaderCompiler.exe after 0.32 seconds
Refreshing native plugins compatible for Editor in 0.71 ms, found 2 plugins.
Preloading 0 native plugins for Editor in 0.00 ms.
Unloading 1396 Unused Serialized files (Serialized files now loaded: 0)
System memory in use before: 65.1 MB.
System memory in use after: 65.1 MB.

Unloading 16 unused Assets to reduce memory usage. Loaded Objects now: 1831.
Total: 13.805800 ms (FindLiveObjects: 0.998500 ms CreateObjectMapping: 0.215100 ms MarkObjects: 7.791500 ms  DeleteObjects: 4.798100 ms)

AssetImportParameters requested are different than current active one (requested -> active):
  custom:framework-win-MediaFoundation: 216162199b28c13a410421893ffa2e32 -> 
  custom:video-decoder-ogg-theora: a1e56fd34408186e4bbccfd4996cb3dc -> 
  custom:container-muxer-webm: aa71ff27fc2769a1b78a27578f13a17b -> 
  custom:container-demuxer-webm: 4f35f7cbe854078d1ac9338744f61a02 -> 
  custom:container-demuxer-ogg: 62fdf1f143b41e24485cea50d1cbac27 -> 
  custom:video-encoder-webm-vp8: eb34c28f22e8b96e1ab97ce403110664 -> 
  custom:video-decoder-webm-vp8: 9c59270c3fd7afecdb556c50c9e8de78 -> 
  custom:audio-decoder-ogg-vorbis: bf7c407c2cedff20999df2af8eb42d56 -> 
  custom:audio-encoder-webm-vorbis: bf7c407c2cedff20999df2af8eb42d56 -> 
========================================================================
Received Import Request.
  path: Assets/colors/green.mat
  artifactKey: Guid(6077f524818e28c499f86be6a3488bf5) Importer(815301076,1909f56bfc062723c751e8b465ee728b)
Start importing Assets/colors/green.mat using Guid(6077f524818e28c499f86be6a3488bf5) Importer(815301076,1909f56bfc062723c751e8b465ee728b)  -> (artifact id: '2213fd347d2882783b8d87aed460710c') in 1.748810 seconds 
  Import took 1.759296 seconds .

========================================================================
Received Import Request.
  Time since last request: 0.000405 seconds.
  path: Assets/colors/New Material 2.mat
  artifactKey: Guid(0078e6fa17eef444b953d2a4387f9048) Importer(815301076,1909f56bfc062723c751e8b465ee728b)
Start importing Assets/colors/New Material 2.mat using Guid(0078e6fa17eef444b953d2a4387f9048) Importer(815301076,1909f56bfc062723c751e8b465ee728b)  -> (artifact id: '5bbcb9131a97600f9d48098e1e2e4e33') in 0.267526 seconds 
  Import took 0.298837 seconds .

========================================================================
Received Import Request.
  Time since last request: 0.001079 seconds.
  path: Assets/colors/New Material 1.mat
  artifactKey: Guid(64ccaac739727f247b561d4dd33f4a49) Importer(815301076,1909f56bfc062723c751e8b465ee728b)
Start importing Assets/colors/New Material 1.mat using Guid(64ccaac739727f247b561d4dd33f4a49) Importer(815301076,1909f56bfc062723c751e8b465ee728b)  -> (artifact id: '645e578e6f68e17af72593822ff27562') in 0.109554 seconds 
  Import took 0.130488 seconds .

========================================================================
Received Import Request.
  Time since last request: 0.000314 seconds.
  path: Assets/colors/red.mat
  artifactKey: Guid(22d17b8ad70457c489794c1d107b1e91) Importer(815301076,1909f56bfc062723c751e8b465ee728b)
Start importing Assets/colors/red.mat using Guid(22d17b8ad70457c489794c1d107b1e91) Importer(815301076,1909f56bfc062723c751e8b465ee728b)  -> (artifact id: '6b581c836fa65dba03b9bf1516844a89') in 0.108766 seconds 
  Import took 0.115427 seconds .

========================================================================
Received Import Request.
  Time since last request: 27.468663 seconds.
  path: Assets/colors/dark red.mat
  artifactKey: Guid(0078e6fa17eef444b953d2a4387f9048) Importer(815301076,1909f56bfc062723c751e8b465ee728b)
Start importing Assets/colors/dark red.mat using Guid(0078e6fa17eef444b953d2a4387f9048) Importer(815301076,1909f56bfc062723c751e8b465ee728b)  -> (artifact id: '9a07ac2b1584eda77026078be5c6b374') in 0.097886 seconds 
  Import took 0.106081 seconds .

========================================================================
Received Import Request.
  Time since last request: 11.459886 seconds.
  path: Assets/colors/yellow.mat
  artifactKey: Guid(64ccaac739727f247b561d4dd33f4a49) Importer(815301076,1909f56bfc062723c751e8b465ee728b)
Start importing Assets/colors/yellow.mat using Guid(64ccaac739727f247b561d4dd33f4a49) Importer(815301076,1909f56bfc062723c751e8b465ee728b)  -> (artifact id: '5edd48aed376f96434887e58c41c0e1a') in 0.139001 seconds 
  Import took 0.160929 seconds .

========================================================================
Received Import Request.
  Time since last request: 68.099669 seconds.
  path: Assets/colors
  artifactKey: Guid(0696949789196f549bca3053b390e1da) Importer(815301076,1909f56bfc062723c751e8b465ee728b)
Start importing Assets/colors using Guid(0696949789196f549bca3053b390e1da) Importer(815301076,1909f56bfc062723c751e8b465ee728b)  -> (artifact id: 'd950b8b967e265c965968fd728db9126') in 0.032120 seconds 
  Import took 0.047850 seconds .

========================================================================
Received Import Request.
  Time since last request: 432.489489 seconds.
  path: Assets/colors/New Material.mat
  artifactKey: Guid(96b8f5cf8fb65ec468104831eef1de34) Importer(815301076,1909f56bfc062723c751e8b465ee728b)
Start importing Assets/colors/New Material.mat using Guid(96b8f5cf8fb65ec468104831eef1de34) Importer(815301076,1909f56bfc062723c751e8b465ee728b)  -> (artifact id: '01adc508513ff8262c474c469fd09914') in 0.497891 seconds 
  Import took 0.546017 seconds .

========================================================================
Received Import Request.
  Time since last request: 187.013169 seconds.
  path: Assets/RamenShop.fbx
  artifactKey: Guid(0a08f54ae4b49334a8f00ebe29752755) Importer(815301076,1909f56bfc062723c751e8b465ee728b)
Start importing Assets/RamenShop.fbx using Guid(0a08f54ae4b49334a8f00ebe29752755) Importer(815301076,1909f56bfc062723c751e8b465ee728b)  -> (artifact id: 'e62be0a5ccaa56e646cfde251a59dae2') in 14.708389 seconds 
  Import took 14.781480 seconds .

AssetImportWorkerClient::OnTransportError - code=2 error=End of file
